# JRE version: OpenJDK Runtime Environment (8.0_152-b02) (build 1.8.0_152-release-1024-b02)
# Java VM: OpenJDK 64-Bit Server VM (25.152-b02 mixed mode windows-amd64 compressed oops)
Heap:
 PSYoungGen      total 366080K, used 241443K [0x00000000e0000000, 0x00000000fd880000, 0x0000000100000000)
  eden space 336384K, 69% used [0x00000000e0000000,0x00000000ee3f42a8,0x00000000f4880000)
  from space 29696K, 27% used [0x00000000f4880000,0x00000000f5054a68,0x00000000f6580000)
  to   space 29184K, 0% used [0x00000000fbc00000,0x00000000fbc00000,0x00000000fd880000)
 ParOldGen       total 153088K, used 88225K [0x00000000a0000000, 0x00000000a9580000, 0x00000000e0000000)
  object space 153088K, 57% used [0x00000000a0000000,0x00000000a56286d0,0x00000000a9580000)
 Metaspace       used 92216K, capacity 96632K, committed 96896K, reserved 1134592K
  class space    used 11812K, capacity 12657K, committed 12672K, reserved 1048576K
GC Heap History (10 events):
Event: 1030.456 GC heap before
{Heap before GC invocations=20 (full 3):
 PSYoungGen      total 254976K, used 254009K [0x00000000e0000000, 0x00000000f4780000, 0x0000000100000000)
  eden space 238592K, 99% used [0x00000000e0000000,0x00000000ee87daa8,0x00000000ee900000)
  from space 16384K, 97% used [0x00000000f3780000,0x00000000f4710978,0x00000000f4780000)
  to   space 31232K, 0% used [0x00000000f0a80000,0x00000000f0a80000,0x00000000f2900000)
 ParOldGen       total 153088K, used 71600K [0x00000000a0000000, 0x00000000a9580000, 0x00000000e0000000)
  object space 153088K, 46% used [0x00000000a0000000,0x00000000a45ec088,0x00000000a9580000)
 Metaspace       used 90260K, capacity 94536K, committed 94720K, reserved 1132544K
  class space    used 11702K, capacity 12512K, committed 12544K, reserved 1048576K
Event: 1030.488 GC heap after
Heap after GC invocations=20 (full 3):
 PSYoungGen      total 249856K, used 19032K [0x00000000e0000000, 0x00000000f3800000, 0x0000000100000000)
  eden space 230400K, 0% used [0x00000000e0000000,0x00000000e0000000,0x00000000ee100000)
  from space 19456K, 97% used [0x00000000f0a80000,0x00000000f1d163b0,0x00000000f1d80000)
  to   space 27136K, 0% used [0x00000000f1d80000,0x00000000f1d80000,0x00000000f3800000)
 ParOldGen       total 153088K, used 71608K [0x00000000a0000000, 0x00000000a9580000, 0x00000000e0000000)
  object space 153088K, 46% used [0x00000000a0000000,0x00000000a45ee088,0x00000000a9580000)
 Metaspace       used 90260K, capacity 94536K, committed 94720K, reserved 1132544K
  class space    used 11702K, capacity 12512K, committed 12544K, reserved 1048576K
}
Event: 1030.522 GC heap before
{Heap before GC invocations=21 (full 3):
 PSYoungGen      total 249856K, used 248924K [0x00000000e0000000, 0x00000000f3800000, 0x0000000100000000)
  eden space 230400K, 99% used [0x00000000e0000000,0x00000000ee080f78,0x00000000ee100000)
  from space 19456K, 97% used [0x00000000f0a80000,0x00000000f1d163b0,0x00000000f1d80000)
  to   space 27136K, 0% used [0x00000000f1d80000,0x00000000f1d80000,0x00000000f3800000)
 ParOldGen       total 153088K, used 71608K [0x00000000a0000000, 0x00000000a9580000, 0x00000000e0000000)
  object space 153088K, 46% used [0x00000000a0000000,0x00000000a45ee088,0x00000000a9580000)
 Metaspace       used 90266K, capacity 94536K, committed 94720K, reserved 1132544K
  class space    used 11702K, capacity 12512K, committed 12544K, reserved 1048576K
Event: 1030.546 GC heap after
Heap after GC invocations=21 (full 3):
 PSYoungGen      total 289280K, used 17665K [0x00000000e0000000, 0x00000000f6380000, 0x0000000100000000)
  eden space 262144K, 0% used [0x00000000e0000000,0x00000000e0000000,0x00000000f0000000)
  from space 27136K, 65% used [0x00000000f1d80000,0x00000000f2ec0600,0x00000000f3800000)
  to   space 30208K, 0% used [0x00000000f0000000,0x00000000f0000000,0x00000000f1d80000)
 ParOldGen       total 153088K, used 71616K [0x00000000a0000000, 0x00000000a9580000, 0x00000000e0000000)
  object space 153088K, 46% used [0x00000000a0000000,0x00000000a45f0088,0x00000000a9580000)
 Metaspace       used 90266K, capacity 94536K, committed 94720K, reserved 1132544K
  class space    used 11702K, capacity 12512K, committed 12544K, reserved 1048576K
}
Event: 1037.288 GC heap before
{Heap before GC invocations=22 (full 3):
 PSYoungGen      total 289280K, used 279809K [0x00000000e0000000, 0x00000000f6380000, 0x0000000100000000)
  eden space 262144K, 100% used [0x00000000e0000000,0x00000000f0000000,0x00000000f0000000)
  from space 27136K, 65% used [0x00000000f1d80000,0x00000000f2ec0600,0x00000000f3800000)
  to   space 30208K, 0% used [0x00000000f0000000,0x00000000f0000000,0x00000000f1d80000)
 ParOldGen       total 153088K, used 71616K [0x00000000a0000000, 0x00000000a9580000, 0x00000000e0000000)
  object space 153088K, 46% used [0x00000000a0000000,0x00000000a45f0088,0x00000000a9580000)
 Metaspace       used 90613K, capacity 94940K, committed 95104K, reserved 1132544K
  class space    used 11751K, capacity 12558K, committed 12672K, reserved 1048576K
Event: 1037.318 GC heap after
Heap after GC invocations=22 (full 3):
 PSYoungGen      total 292352K, used 16296K [0x00000000e0000000, 0x00000000f8580000, 0x0000000100000000)
  eden space 262144K, 0% used [0x00000000e0000000,0x00000000e0000000,0x00000000f0000000)
  from space 30208K, 53% used [0x00000000f0000000,0x00000000f0fea088,0x00000000f1d80000)
  to   space 29184K, 0% used [0x00000000f6900000,0x00000000f6900000,0x00000000f8580000)
 ParOldGen       total 153088K, used 79012K [0x00000000a0000000, 0x00000000a9580000, 0x00000000e0000000)
  object space 153088K, 51% used [0x00000000a0000000,0x00000000a4d292a8,0x00000000a9580000)
 Metaspace       used 90613K, capacity 94940K, committed 95104K, reserved 1132544K
  class space    used 11751K, capacity 12558K, committed 12672K, reserved 1048576K
}
Event: 1038.002 GC heap before
{Heap before GC invocations=23 (full 3):
 PSYoungGen      total 292352K, used 277809K [0x00000000e0000000, 0x00000000f8580000, 0x0000000100000000)
  eden space 262144K, 99% used [0x00000000e0000000,0x00000000eff625b8,0x00000000f0000000)
  from space 30208K, 53% used [0x00000000f0000000,0x00000000f0fea088,0x00000000f1d80000)
  to   space 29184K, 0% used [0x00000000f6900000,0x00000000f6900000,0x00000000f8580000)
 ParOldGen       total 153088K, used 79012K [0x00000000a0000000, 0x00000000a9580000, 0x00000000e0000000)
  object space 153088K, 51% used [0x00000000a0000000,0x00000000a4d292a8,0x00000000a9580000)
 Metaspace       used 90681K, capacity 95054K, committed 95360K, reserved 1132544K
  class space    used 11758K, capacity 12567K, committed 12672K, reserved 1048576K
Event: 1038.021 GC heap after
Heap after GC invocations=23 (full 3):
 PSYoungGen      total 362496K, used 5873K [0x00000000e0000000, 0x00000000f8280000, 0x0000000100000000)
  eden space 336384K, 0% used [0x00000000e0000000,0x00000000e0000000,0x00000000f4880000)
  from space 26112K, 22% used [0x00000000f6900000,0x00000000f6ebc530,0x00000000f8280000)
  to   space 29696K, 0% used [0x00000000f4880000,0x00000000f4880000,0x00000000f6580000)
 ParOldGen       total 153088K, used 85300K [0x00000000a0000000, 0x00000000a9580000, 0x00000000e0000000)
  object space 153088K, 55% used [0x00000000a0000000,0x00000000a534d110,0x00000000a9580000)
 Metaspace       used 90681K, capacity 95054K, committed 95360K, reserved 1132544K
  class space    used 11758K, capacity 12567K, committed 12672K, reserved 1048576K
}
Event: 1058.080 GC heap before
{Heap before GC invocations=24 (full 3):
 PSYoungGen      total 362496K, used 342257K [0x00000000e0000000, 0x00000000f8280000, 0x0000000100000000)
  eden space 336384K, 100% used [0x00000000e0000000,0x00000000f4880000,0x00000000f4880000)
  from space 26112K, 22% used [0x00000000f6900000,0x00000000f6ebc530,0x00000000f8280000)
  to   space 29696K, 0% used [0x00000000f4880000,0x00000000f4880000,0x00000000f6580000)
 ParOldGen       total 153088K, used 85300K [0x00000000a0000000, 0x00000000a9580000, 0x00000000e0000000)
  object space 153088K, 55% used [0x00000000a0000000,0x00000000a534d110,0x00000000a9580000)
 Metaspace       used 91967K, capacity 96424K, committed 96640K, reserved 1132544K
  class space    used 11811K, capacity 12657K, committed 12672K, reserved 1048576K
Event: 1058.323 GC heap after
Heap after GC invocations=24 (full 3):
 PSYoungGen      total 366080K, used 8018K [0x00000000e0000000, 0x00000000fd880000, 0x0000000100000000)
  eden space 336384K, 0% used [0x00000000e0000000,0x00000000e0000000,0x00000000f4880000)
  from space 29696K, 27% used [0x00000000f4880000,0x00000000f5054a68,0x00000000f6580000)
  to   space 29184K, 0% used [0x00000000fbc00000,0x00000000fbc00000,0x00000000fd880000)
 ParOldGen       total 153088K, used 88225K [0x00000000a0000000, 0x00000000a9580000, 0x00000000e0000000)
  object space 153088K, 57% used [0x00000000a0000000,0x00000000a56286d0,0x00000000a9580000)
 Metaspace       used 91967K, capacity 96424K, committed 96640K, reserved 1132544K
  class space    used 11811K, capacity 12657K, committed 12672K, reserved 1048576K
}

