# JRE version: OpenJDK Runtime Environment (8.0_152-b01) (build 1.8.0_152-release-915-b01)
# Java VM: OpenJDK 64-Bit Server VM (25.152-b01 mixed mode windows-amd64 compressed oops)
Heap:
 PSYoungGen      total 189440K, used 21351K [0x00000000e0000000, 0x00000000eda80000, 0x0000000100000000)
  eden space 174592K, 5% used [0x00000000e0000000,0x00000000e08ffe48,0x00000000eaa80000)
  from space 14848K, 81% used [0x00000000ecc00000,0x00000000ed7d9de0,0x00000000eda80000)
  to   space 24576K, 0% used [0x00000000eaa80000,0x00000000eaa80000,0x00000000ec280000)
 ParOldGen       total 179200K, used 50465K [0x00000000a0000000, 0x00000000aaf00000, 0x00000000e0000000)
  object space 179200K, 28% used [0x00000000a0000000,0x00000000a3148638,0x00000000aaf00000)
 Metaspace       used 61075K, capacity 63826K, committed 64020K, reserved 1103872K
  class space    used 8174K, capacity 8881K, committed 8980K, reserved 1048576K
GC Heap History (10 events):
Event: 11.271 GC heap before
{Heap before GC invocations=11 (full 2):
 PSYoungGen      total 138752K, used 138421K [0x00000000e0000000, 0x00000000e9f00000, 0x0000000100000000)
  eden space 128000K, 100% used [0x00000000e0000000,0x00000000e7d00000,0x00000000e7d00000)
  from space 10752K, 96% used [0x00000000e9480000,0x00000000e9ead690,0x00000000e9f00000)
  to   space 12288K, 0% used [0x00000000e8700000,0x00000000e8700000,0x00000000e9300000)
 ParOldGen       total 105984K, used 16214K [0x00000000a0000000, 0x00000000a6780000, 0x00000000e0000000)
  object space 105984K, 15% used [0x00000000a0000000,0x00000000a0fd5bf8,0x00000000a6780000)
 Metaspace       used 51968K, capacity 53590K, committed 53632K, reserved 1095680K
  class space    used 7077K, capacity 7536K, committed 7552K, reserved 1048576K
Event: 11.300 GC heap after
Heap after GC invocations=11 (full 2):
 PSYoungGen      total 150528K, used 12285K [0x00000000e0000000, 0x00000000eb680000, 0x0000000100000000)
  eden space 138240K, 0% used [0x00000000e0000000,0x00000000e0000000,0x00000000e8700000)
  from space 12288K, 99% used [0x00000000e8700000,0x00000000e92ff4e0,0x00000000e9300000)
  to   space 16384K, 0% used [0x00000000ea680000,0x00000000ea680000,0x00000000eb680000)
 ParOldGen       total 105984K, used 23063K [0x00000000a0000000, 0x00000000a6780000, 0x00000000e0000000)
  object space 105984K, 21% used [0x00000000a0000000,0x00000000a1685e28,0x00000000a6780000)
 Metaspace       used 51968K, capacity 53590K, committed 53632K, reserved 1095680K
  class space    used 7077K, capacity 7536K, committed 7552K, reserved 1048576K
}
Event: 12.656 GC heap before
{Heap before GC invocations=12 (full 2):
 PSYoungGen      total 150528K, used 150525K [0x00000000e0000000, 0x00000000eb680000, 0x0000000100000000)
  eden space 138240K, 100% used [0x00000000e0000000,0x00000000e8700000,0x00000000e8700000)
  from space 12288K, 99% used [0x00000000e8700000,0x00000000e92ff4e0,0x00000000e9300000)
  to   space 16384K, 0% used [0x00000000ea680000,0x00000000ea680000,0x00000000eb680000)
 ParOldGen       total 105984K, used 23063K [0x00000000a0000000, 0x00000000a6780000, 0x00000000e0000000)
  object space 105984K, 21% used [0x00000000a0000000,0x00000000a1685e28,0x00000000a6780000)
 Metaspace       used 54378K, capacity 56470K, committed 56704K, reserved 1097728K
  class space    used 7494K, capacity 8045K, committed 8064K, reserved 1048576K
Event: 12.711 GC heap after
Heap after GC invocations=12 (full 2):
 PSYoungGen      total 163328K, used 16352K [0x00000000e0000000, 0x00000000ed900000, 0x0000000100000000)
  eden space 146944K, 0% used [0x00000000e0000000,0x00000000e0000000,0x00000000e8f80000)
  from space 16384K, 99% used [0x00000000ea680000,0x00000000eb678210,0x00000000eb680000)
  to   space 23552K, 0% used [0x00000000e8f80000,0x00000000e8f80000,0x00000000ea680000)
 ParOldGen       total 105984K, used 36414K [0x00000000a0000000, 0x00000000a6780000, 0x00000000e0000000)
  object space 105984K, 34% used [0x00000000a0000000,0x00000000a238fb00,0x00000000a6780000)
 Metaspace       used 54378K, capacity 56470K, committed 56704K, reserved 1097728K
  class space    used 7494K, capacity 8045K, committed 8064K, reserved 1048576K
}
Event: 16.339 GC heap before
{Heap before GC invocations=13 (full 2):
 PSYoungGen      total 163328K, used 88119K [0x00000000e0000000, 0x00000000ed900000, 0x0000000100000000)
  eden space 146944K, 48% used [0x00000000e0000000,0x00000000e4615b68,0x00000000e8f80000)
  from space 16384K, 99% used [0x00000000ea680000,0x00000000eb678210,0x00000000eb680000)
  to   space 23552K, 0% used [0x00000000e8f80000,0x00000000e8f80000,0x00000000ea680000)
 ParOldGen       total 105984K, used 36414K [0x00000000a0000000, 0x00000000a6780000, 0x00000000e0000000)
  object space 105984K, 34% used [0x00000000a0000000,0x00000000a238fb00,0x00000000a6780000)
 Metaspace       used 56629K, capacity 59000K, committed 59028K, reserved 1099776K
  class space    used 7737K, capacity 8338K, committed 8340K, reserved 1048576K
Event: 16.368 GC heap after
Heap after GC invocations=13 (full 2):
 PSYoungGen      total 170496K, used 21747K [0x00000000e0000000, 0x00000000ee580000, 0x0000000100000000)
  eden space 146944K, 0% used [0x00000000e0000000,0x00000000e0000000,0x00000000e8f80000)
  from space 23552K, 92% used [0x00000000e8f80000,0x00000000ea4bcfa0,0x00000000ea680000)
  to   space 26112K, 0% used [0x00000000ecc00000,0x00000000ecc00000,0x00000000ee580000)
 ParOldGen       total 105984K, used 36422K [0x00000000a0000000, 0x00000000a6780000, 0x00000000e0000000)
  object space 105984K, 34% used [0x00000000a0000000,0x00000000a2391b00,0x00000000a6780000)
 Metaspace       used 56629K, capacity 59000K, committed 59028K, reserved 1099776K
  class space    used 7737K, capacity 8338K, committed 8340K, reserved 1048576K
}
Event: 16.368 GC heap before
{Heap before GC invocations=14 (full 3):
 PSYoungGen      total 170496K, used 21747K [0x00000000e0000000, 0x00000000ee580000, 0x0000000100000000)
  eden space 146944K, 0% used [0x00000000e0000000,0x00000000e0000000,0x00000000e8f80000)
  from space 23552K, 92% used [0x00000000e8f80000,0x00000000ea4bcfa0,0x00000000ea680000)
  to   space 26112K, 0% used [0x00000000ecc00000,0x00000000ecc00000,0x00000000ee580000)
 ParOldGen       total 105984K, used 36422K [0x00000000a0000000, 0x00000000a6780000, 0x00000000e0000000)
  object space 105984K, 34% used [0x00000000a0000000,0x00000000a2391b00,0x00000000a6780000)
 Metaspace       used 56629K, capacity 59000K, committed 59028K, reserved 1099776K
  class space    used 7737K, capacity 8338K, committed 8340K, reserved 1048576K
Event: 16.705 GC heap after
Heap after GC invocations=14 (full 3):
 PSYoungGen      total 170496K, used 0K [0x00000000e0000000, 0x00000000ee580000, 0x0000000100000000)
  eden space 146944K, 0% used [0x00000000e0000000,0x00000000e0000000,0x00000000e8f80000)
  from space 23552K, 0% used [0x00000000e8f80000,0x00000000e8f80000,0x00000000ea680000)
  to   space 26112K, 0% used [0x00000000ecc00000,0x00000000ecc00000,0x00000000ee580000)
 ParOldGen       total 179200K, used 50457K [0x00000000a0000000, 0x00000000aaf00000, 0x00000000e0000000)
  object space 179200K, 28% used [0x00000000a0000000,0x00000000a3146638,0x00000000aaf00000)
 Metaspace       used 56629K, capacity 59000K, committed 59028K, reserved 1099776K
  class space    used 7737K, capacity 8338K, committed 8340K, reserved 1048576K
}
Event: 25.537 GC heap before
{Heap before GC invocations=15 (full 3):
 PSYoungGen      total 170496K, used 146944K [0x00000000e0000000, 0x00000000ee580000, 0x0000000100000000)
  eden space 146944K, 100% used [0x00000000e0000000,0x00000000e8f80000,0x00000000e8f80000)
  from space 23552K, 0% used [0x00000000e8f80000,0x00000000e8f80000,0x00000000ea680000)
  to   space 26112K, 0% used [0x00000000ecc00000,0x00000000ecc00000,0x00000000ee580000)
 ParOldGen       total 179200K, used 50457K [0x00000000a0000000, 0x00000000aaf00000, 0x00000000e0000000)
  object space 179200K, 28% used [0x00000000a0000000,0x00000000a3146638,0x00000000aaf00000)
 Metaspace       used 61060K, capacity 63762K, committed 64020K, reserved 1103872K
  class space    used 8174K, capacity 8881K, committed 8980K, reserved 1048576K
Event: 25.562 GC heap after
Heap after GC invocations=15 (full 3):
 PSYoungGen      total 189440K, used 12135K [0x00000000e0000000, 0x00000000eda80000, 0x0000000100000000)
  eden space 174592K, 0% used [0x00000000e0000000,0x00000000e0000000,0x00000000eaa80000)
  from space 14848K, 81% used [0x00000000ecc00000,0x00000000ed7d9de0,0x00000000eda80000)
  to   space 24576K, 0% used [0x00000000eaa80000,0x00000000eaa80000,0x00000000ec280000)
 ParOldGen       total 179200K, used 50465K [0x00000000a0000000, 0x00000000aaf00000, 0x00000000e0000000)
  object space 179200K, 28% used [0x00000000a0000000,0x00000000a3148638,0x00000000aaf00000)
 Metaspace       used 61060K, capacity 63762K, committed 64020K, reserved 1103872K
  class space    used 8174K, capacity 8881K, committed 8980K, reserved 1048576K
}

