# JRE version: OpenJDK Runtime Environment (8.0_152-b01) (build 1.8.0_152-release-915-b01)
# Java VM: OpenJDK 64-Bit Server VM (25.152-b01 mixed mode windows-amd64 compressed oops)
Heap:
 PSYoungGen      total 178688K, used 48983K [0x00000000e0000000, 0x00000000eeb00000, 0x0000000100000000)
  eden space 162304K, 30% used [0x00000000e0000000,0x00000000e2fd5e20,0x00000000e9e80000)
  from space 16384K, 0% used [0x00000000eb580000,0x00000000eb580000,0x00000000ec580000)
  to   space 23552K, 0% used [0x00000000e9e80000,0x00000000e9e80000,0x00000000eb580000)
 ParOldGen       total 165376K, used 45206K [0x00000000a0000000, 0x00000000aa180000, 0x00000000e0000000)
  object space 165376K, 27% used [0x00000000a0000000,0x00000000a2c25a80,0x00000000aa180000)
 Metaspace       used 58350K, capacity 60384K, committed 60632K, reserved 1101824K
  class space    used 7908K, capacity 8439K, committed 8448K, reserved 1048576K
GC Heap History (10 events):
Event: 10.066 GC heap before
{Heap before GC invocations=9 (full 2):
 PSYoungGen      total 112128K, used 9866K [0x00000000e0000000, 0x00000000eae80000, 0x0000000100000000)
  eden space 101376K, 0% used [0x00000000e0000000,0x00000000e0000000,0x00000000e6300000)
  from space 10752K, 91% used [0x00000000e6300000,0x00000000e6ca2ba8,0x00000000e6d80000)
  to   space 11776K, 0% used [0x00000000ea300000,0x00000000ea300000,0x00000000eae80000)
 ParOldGen       total 61952K, used 11541K [0x00000000a0000000, 0x00000000a3c80000, 0x00000000e0000000)
  object space 61952K, 18% used [0x00000000a0000000,0x00000000a0b45488,0x00000000a3c80000)
 Metaspace       used 34544K, capacity 35292K, committed 35416K, reserved 1079296K
  class space    used 4627K, capacity 4927K, committed 4992K, reserved 1048576K
Event: 10.204 GC heap after
Heap after GC invocations=9 (full 2):
 PSYoungGen      total 112128K, used 0K [0x00000000e0000000, 0x00000000eae80000, 0x0000000100000000)
  eden space 101376K, 0% used [0x00000000e0000000,0x00000000e0000000,0x00000000e6300000)
  from space 10752K, 0% used [0x00000000e6300000,0x00000000e6300000,0x00000000e6d80000)
  to   space 11776K, 0% used [0x00000000ea300000,0x00000000ea300000,0x00000000eae80000)
 ParOldGen       total 98816K, used 15823K [0x00000000a0000000, 0x00000000a6080000, 0x00000000e0000000)
  object space 98816K, 16% used [0x00000000a0000000,0x00000000a0f73fb0,0x00000000a6080000)
 Metaspace       used 34493K, capacity 35160K, committed 35416K, reserved 1079296K
  class space    used 4614K, capacity 4883K, committed 4992K, reserved 1048576K
}
Event: 12.218 GC heap before
{Heap before GC invocations=10 (full 2):
 PSYoungGen      total 112128K, used 101376K [0x00000000e0000000, 0x00000000eae80000, 0x0000000100000000)
  eden space 101376K, 100% used [0x00000000e0000000,0x00000000e6300000,0x00000000e6300000)
  from space 10752K, 0% used [0x00000000e6300000,0x00000000e6300000,0x00000000e6d80000)
  to   space 11776K, 0% used [0x00000000ea300000,0x00000000ea300000,0x00000000eae80000)
 ParOldGen       total 98816K, used 15823K [0x00000000a0000000, 0x00000000a6080000, 0x00000000e0000000)
  object space 98816K, 16% used [0x00000000a0000000,0x00000000a0f73fb0,0x00000000a6080000)
 Metaspace       used 41570K, capacity 42378K, committed 42712K, reserved 1085440K
  class space    used 5490K, capacity 5826K, committed 5888K, reserved 1048576K
Event: 12.237 GC heap after
Heap after GC invocations=10 (full 2):
 PSYoungGen      total 147968K, used 8967K [0x00000000e0000000, 0x00000000eac00000, 0x0000000100000000)
  eden space 138752K, 0% used [0x00000000e0000000,0x00000000e0000000,0x00000000e8780000)
  from space 9216K, 97% used [0x00000000ea300000,0x00000000eabc1c08,0x00000000eac00000)
  to   space 11776K, 0% used [0x00000000e9500000,0x00000000e9500000,0x00000000ea080000)
 ParOldGen       total 98816K, used 15831K [0x00000000a0000000, 0x00000000a6080000, 0x00000000e0000000)
  object space 98816K, 16% used [0x00000000a0000000,0x00000000a0f75fb0,0x00000000a6080000)
 Metaspace       used 41570K, capacity 42378K, committed 42712K, reserved 1085440K
  class space    used 5490K, capacity 5826K, committed 5888K, reserved 1048576K
}
Event: 15.223 GC heap before
{Heap before GC invocations=11 (full 2):
 PSYoungGen      total 147968K, used 147719K [0x00000000e0000000, 0x00000000eac00000, 0x0000000100000000)
  eden space 138752K, 100% used [0x00000000e0000000,0x00000000e8780000,0x00000000e8780000)
  from space 9216K, 97% used [0x00000000ea300000,0x00000000eabc1c08,0x00000000eac00000)
  to   space 11776K, 0% used [0x00000000e9500000,0x00000000e9500000,0x00000000ea080000)
 ParOldGen       total 98816K, used 15831K [0x00000000a0000000, 0x00000000a6080000, 0x00000000e0000000)
  object space 98816K, 16% used [0x00000000a0000000,0x00000000a0f75fb0,0x00000000a6080000)
 Metaspace       used 53837K, capacity 55456K, committed 55512K, reserved 1097728K
  class space    used 7183K, capacity 7636K, committed 7680K, reserved 1048576K
Event: 15.254 GC heap after
Heap after GC invocations=11 (full 2):
 PSYoungGen      total 164352K, used 11772K [0x00000000e0000000, 0x00000000ec580000, 0x0000000100000000)
  eden space 152576K, 0% used [0x00000000e0000000,0x00000000e0000000,0x00000000e9500000)
  from space 11776K, 99% used [0x00000000e9500000,0x00000000ea07f318,0x00000000ea080000)
  to   space 16384K, 0% used [0x00000000eb580000,0x00000000eb580000,0x00000000ec580000)
 ParOldGen       total 98816K, used 24080K [0x00000000a0000000, 0x00000000a6080000, 0x00000000e0000000)
  object space 98816K, 24% used [0x00000000a0000000,0x00000000a1784360,0x00000000a6080000)
 Metaspace       used 53837K, capacity 55456K, committed 55512K, reserved 1097728K
  class space    used 7183K, capacity 7636K, committed 7680K, reserved 1048576K
}
Event: 17.192 GC heap before
{Heap before GC invocations=12 (full 2):
 PSYoungGen      total 164352K, used 164348K [0x00000000e0000000, 0x00000000ec580000, 0x0000000100000000)
  eden space 152576K, 100% used [0x00000000e0000000,0x00000000e9500000,0x00000000e9500000)
  from space 11776K, 99% used [0x00000000e9500000,0x00000000ea07f318,0x00000000ea080000)
  to   space 16384K, 0% used [0x00000000eb580000,0x00000000eb580000,0x00000000ec580000)
 ParOldGen       total 98816K, used 24080K [0x00000000a0000000, 0x00000000a6080000, 0x00000000e0000000)
  object space 98816K, 24% used [0x00000000a0000000,0x00000000a1784360,0x00000000a6080000)
 Metaspace       used 56949K, capacity 58828K, committed 58968K, reserved 1099776K
  class space    used 7694K, capacity 8197K, committed 8320K, reserved 1048576K
Event: 17.249 GC heap after
Heap after GC invocations=12 (full 2):
 PSYoungGen      total 178688K, used 16364K [0x00000000e0000000, 0x00000000eeb00000, 0x0000000100000000)
  eden space 162304K, 0% used [0x00000000e0000000,0x00000000e0000000,0x00000000e9e80000)
  from space 16384K, 99% used [0x00000000eb580000,0x00000000ec57b308,0x00000000ec580000)
  to   space 23552K, 0% used [0x00000000e9e80000,0x00000000e9e80000,0x00000000eb580000)
 ParOldGen       total 98816K, used 37975K [0x00000000a0000000, 0x00000000a6080000, 0x00000000e0000000)
  object space 98816K, 38% used [0x00000000a0000000,0x00000000a2515df8,0x00000000a6080000)
 Metaspace       used 56949K, capacity 58828K, committed 58968K, reserved 1099776K
  class space    used 7694K, capacity 8197K, committed 8320K, reserved 1048576K
}
Event: 17.249 GC heap before
{Heap before GC invocations=13 (full 3):
 PSYoungGen      total 178688K, used 16364K [0x00000000e0000000, 0x00000000eeb00000, 0x0000000100000000)
  eden space 162304K, 0% used [0x00000000e0000000,0x00000000e0000000,0x00000000e9e80000)
  from space 16384K, 99% used [0x00000000eb580000,0x00000000ec57b308,0x00000000ec580000)
  to   space 23552K, 0% used [0x00000000e9e80000,0x00000000e9e80000,0x00000000eb580000)
 ParOldGen       total 98816K, used 37975K [0x00000000a0000000, 0x00000000a6080000, 0x00000000e0000000)
  object space 98816K, 38% used [0x00000000a0000000,0x00000000a2515df8,0x00000000a6080000)
 Metaspace       used 56949K, capacity 58828K, committed 58968K, reserved 1099776K
  class space    used 7694K, capacity 8197K, committed 8320K, reserved 1048576K
Event: 17.630 GC heap after
Heap after GC invocations=13 (full 3):
 PSYoungGen      total 178688K, used 0K [0x00000000e0000000, 0x00000000eeb00000, 0x0000000100000000)
  eden space 162304K, 0% used [0x00000000e0000000,0x00000000e0000000,0x00000000e9e80000)
  from space 16384K, 0% used [0x00000000eb580000,0x00000000eb580000,0x00000000ec580000)
  to   space 23552K, 0% used [0x00000000e9e80000,0x00000000e9e80000,0x00000000eb580000)
 ParOldGen       total 165376K, used 45206K [0x00000000a0000000, 0x00000000aa180000, 0x00000000e0000000)
  object space 165376K, 27% used [0x00000000a0000000,0x00000000a2c25a80,0x00000000aa180000)
 Metaspace       used 56949K, capacity 58828K, committed 58968K, reserved 1099776K
  class space    used 7694K, capacity 8197K, committed 8320K, reserved 1048576K
}

