# JRE version: OpenJDK Runtime Environment (8.0_152-b02) (build 1.8.0_152-release-1024-b02)
# Java VM: OpenJDK 64-Bit Server VM (25.152-b02 mixed mode windows-amd64 compressed oops)
Heap:
 PSYoungGen      total 257536K, used 178770K [0x00000000e0000000, 0x00000000f1600000, 0x0000000100000000)
  eden space 239616K, 68% used [0x00000000e0000000,0x00000000e9f9e538,0x00000000eea00000)
  from space 17920K, 85% used [0x00000000f0480000,0x00000000f1376690,0x00000000f1600000)
  to   space 22528K, 0% used [0x00000000eea00000,0x00000000eea00000,0x00000000f0000000)
 ParOldGen       total 143360K, used 38723K [0x00000000a0000000, 0x00000000a8c00000, 0x00000000e0000000)
  object space 143360K, 27% used [0x00000000a0000000,0x00000000a25d0ca0,0x00000000a8c00000)
 Metaspace       used 70347K, capacity 72906K, committed 73048K, reserved 1112064K
  class space    used 9267K, capacity 9800K, committed 9856K, reserved 1048576K
GC Heap History (10 events):
Event: 22.041 GC heap before
{Heap before GC invocations=11 (full 2):
 PSYoungGen      total 175616K, used 175602K [0x00000000e0000000, 0x00000000ed980000, 0x0000000100000000)
  eden space 162816K, 100% used [0x00000000e0000000,0x00000000e9f00000,0x00000000e9f00000)
  from space 12800K, 99% used [0x00000000eae00000,0x00000000eba7c9e0,0x00000000eba80000)
  to   space 15360K, 0% used [0x00000000e9f00000,0x00000000e9f00000,0x00000000eae00000)
 ParOldGen       total 94208K, used 21069K [0x00000000a0000000, 0x00000000a5c00000, 0x00000000e0000000)
  object space 94208K, 22% used [0x00000000a0000000,0x00000000a14937b8,0x00000000a5c00000)
 Metaspace       used 54479K, capacity 56258K, committed 56536K, reserved 1097728K
  class space    used 7463K, capacity 7911K, committed 7936K, reserved 1048576K
Event: 22.075 GC heap after
Heap after GC invocations=11 (full 2):
 PSYoungGen      total 178176K, used 15333K [0x00000000e0000000, 0x00000000ef200000, 0x0000000100000000)
  eden space 162816K, 0% used [0x00000000e0000000,0x00000000e0000000,0x00000000e9f00000)
  from space 15360K, 99% used [0x00000000e9f00000,0x00000000eadf9540,0x00000000eae00000)
  to   space 21504K, 0% used [0x00000000edd00000,0x00000000edd00000,0x00000000ef200000)
 ParOldGen       total 94208K, used 32003K [0x00000000a0000000, 0x00000000a5c00000, 0x00000000e0000000)
  object space 94208K, 33% used [0x00000000a0000000,0x00000000a1f40d20,0x00000000a5c00000)
 Metaspace       used 54479K, capacity 56258K, committed 56536K, reserved 1097728K
  class space    used 7463K, capacity 7911K, committed 7936K, reserved 1048576K
}
Event: 25.048 GC heap before
{Heap before GC invocations=12 (full 2):
 PSYoungGen      total 178176K, used 74806K [0x00000000e0000000, 0x00000000ef200000, 0x0000000100000000)
  eden space 162816K, 36% used [0x00000000e0000000,0x00000000e3a142d8,0x00000000e9f00000)
  from space 15360K, 99% used [0x00000000e9f00000,0x00000000eadf9540,0x00000000eae00000)
  to   space 21504K, 0% used [0x00000000edd00000,0x00000000edd00000,0x00000000ef200000)
 ParOldGen       total 94208K, used 32003K [0x00000000a0000000, 0x00000000a5c00000, 0x00000000e0000000)
  object space 94208K, 33% used [0x00000000a0000000,0x00000000a1f40d20,0x00000000a5c00000)
 Metaspace       used 57020K, capacity 58854K, committed 58968K, reserved 1099776K
  class space    used 7782K, capacity 8247K, committed 8320K, reserved 1048576K
Event: 25.085 GC heap after
Heap after GC invocations=12 (full 2):
 PSYoungGen      total 225792K, used 13747K [0x00000000e0000000, 0x00000000ef400000, 0x0000000100000000)
  eden space 204288K, 0% used [0x00000000e0000000,0x00000000e0000000,0x00000000ec780000)
  from space 21504K, 63% used [0x00000000edd00000,0x00000000eea6ce60,0x00000000ef200000)
  to   space 22016K, 0% used [0x00000000ec780000,0x00000000ec780000,0x00000000edd00000)
 ParOldGen       total 94208K, used 40123K [0x00000000a0000000, 0x00000000a5c00000, 0x00000000e0000000)
  object space 94208K, 42% used [0x00000000a0000000,0x00000000a272ec18,0x00000000a5c00000)
 Metaspace       used 57020K, capacity 58854K, committed 58968K, reserved 1099776K
  class space    used 7782K, capacity 8247K, committed 8320K, reserved 1048576K
}
Event: 25.085 GC heap before
{Heap before GC invocations=13 (full 3):
 PSYoungGen      total 225792K, used 13747K [0x00000000e0000000, 0x00000000ef400000, 0x0000000100000000)
  eden space 204288K, 0% used [0x00000000e0000000,0x00000000e0000000,0x00000000ec780000)
  from space 21504K, 63% used [0x00000000edd00000,0x00000000eea6ce60,0x00000000ef200000)
  to   space 22016K, 0% used [0x00000000ec780000,0x00000000ec780000,0x00000000edd00000)
 ParOldGen       total 94208K, used 40123K [0x00000000a0000000, 0x00000000a5c00000, 0x00000000e0000000)
  object space 94208K, 42% used [0x00000000a0000000,0x00000000a272ec18,0x00000000a5c00000)
 Metaspace       used 57020K, capacity 58854K, committed 58968K, reserved 1099776K
  class space    used 7782K, capacity 8247K, committed 8320K, reserved 1048576K
Event: 25.397 GC heap after
Heap after GC invocations=13 (full 3):
 PSYoungGen      total 225792K, used 0K [0x00000000e0000000, 0x00000000ef400000, 0x0000000100000000)
  eden space 204288K, 0% used [0x00000000e0000000,0x00000000e0000000,0x00000000ec780000)
  from space 21504K, 0% used [0x00000000edd00000,0x00000000edd00000,0x00000000ef200000)
  to   space 22016K, 0% used [0x00000000ec780000,0x00000000ec780000,0x00000000edd00000)
 ParOldGen       total 143360K, used 38707K [0x00000000a0000000, 0x00000000a8c00000, 0x00000000e0000000)
  object space 143360K, 26% used [0x00000000a0000000,0x00000000a25ccca0,0x00000000a8c00000)
 Metaspace       used 57020K, capacity 58854K, committed 58968K, reserved 1099776K
  class space    used 7782K, capacity 8247K, committed 8320K, reserved 1048576K
}
Event: 52.029 GC heap before
{Heap before GC invocations=14 (full 3):
 PSYoungGen      total 225792K, used 204288K [0x00000000e0000000, 0x00000000ef400000, 0x0000000100000000)
  eden space 204288K, 100% used [0x00000000e0000000,0x00000000ec780000,0x00000000ec780000)
  from space 21504K, 0% used [0x00000000edd00000,0x00000000edd00000,0x00000000ef200000)
  to   space 22016K, 0% used [0x00000000ec780000,0x00000000ec780000,0x00000000edd00000)
 ParOldGen       total 143360K, used 38707K [0x00000000a0000000, 0x00000000a8c00000, 0x00000000e0000000)
  object space 143360K, 26% used [0x00000000a0000000,0x00000000a25ccca0,0x00000000a8c00000)
 Metaspace       used 59363K, capacity 61236K, committed 61400K, reserved 1101824K
  class space    used 7993K, capacity 8428K, committed 8448K, reserved 1048576K
Event: 52.041 GC heap after
Heap after GC invocations=14 (full 3):
 PSYoungGen      total 226304K, used 4920K [0x00000000e0000000, 0x00000000f1980000, 0x0000000100000000)
  eden space 204288K, 0% used [0x00000000e0000000,0x00000000e0000000,0x00000000ec780000)
  from space 22016K, 22% used [0x00000000ec780000,0x00000000ecc4e048,0x00000000edd00000)
  to   space 21504K, 0% used [0x00000000f0480000,0x00000000f0480000,0x00000000f1980000)
 ParOldGen       total 143360K, used 38715K [0x00000000a0000000, 0x00000000a8c00000, 0x00000000e0000000)
  object space 143360K, 27% used [0x00000000a0000000,0x00000000a25ceca0,0x00000000a8c00000)
 Metaspace       used 59363K, capacity 61236K, committed 61400K, reserved 1101824K
  class space    used 7993K, capacity 8428K, committed 8448K, reserved 1048576K
}
Event: 75.854 GC heap before
{Heap before GC invocations=15 (full 3):
 PSYoungGen      total 226304K, used 209208K [0x00000000e0000000, 0x00000000f1980000, 0x0000000100000000)
  eden space 204288K, 100% used [0x00000000e0000000,0x00000000ec780000,0x00000000ec780000)
  from space 22016K, 22% used [0x00000000ec780000,0x00000000ecc4e048,0x00000000edd00000)
  to   space 21504K, 0% used [0x00000000f0480000,0x00000000f0480000,0x00000000f1980000)
 ParOldGen       total 143360K, used 38715K [0x00000000a0000000, 0x00000000a8c00000, 0x00000000e0000000)
  object space 143360K, 27% used [0x00000000a0000000,0x00000000a25ceca0,0x00000000a8c00000)
 Metaspace       used 67089K, capacity 69165K, committed 69464K, reserved 1110016K
  class space    used 9035K, capacity 9531K, committed 9600K, reserved 1048576K
Event: 75.893 GC heap after
Heap after GC invocations=15 (full 3):
 PSYoungGen      total 257536K, used 15321K [0x00000000e0000000, 0x00000000f1600000, 0x0000000100000000)
  eden space 239616K, 0% used [0x00000000e0000000,0x00000000e0000000,0x00000000eea00000)
  from space 17920K, 85% used [0x00000000f0480000,0x00000000f1376690,0x00000000f1600000)
  to   space 22528K, 0% used [0x00000000eea00000,0x00000000eea00000,0x00000000f0000000)
 ParOldGen       total 143360K, used 38723K [0x00000000a0000000, 0x00000000a8c00000, 0x00000000e0000000)
  object space 143360K, 27% used [0x00000000a0000000,0x00000000a25d0ca0,0x00000000a8c00000)
 Metaspace       used 67089K, capacity 69165K, committed 69464K, reserved 1110016K
  class space    used 9035K, capacity 9531K, committed 9600K, reserved 1048576K
}

